INFO: No test specified, defaulting to first test
INFO: Initialized test input buffer with data from `with_resets.corpus/6ebce0ecbc33628f533f16ca76e8bbb12a886e89`
INFO: Running: TestFs_FilesDirs from /root/testfs/Tests.cpp(65)
INFO: /root/testfs/Tests.cpp(76): Making inode free map
INFO: /root/testfs/Tests.cpp(79): Making block free map
INFO: /root/testfs/Tests.cpp(82): Making checksum table
INFO: /root/testfs/Tests.cpp(85): Making inode blocks
INFO: /root/testfs/Tests.cpp(97): Created root directory; File system initialized
INFO: /root/testfs/Tests.cpp(106): Checking the initial file system...
INFO: nr of allocated inodes = 1

INFO: nr of allocated blocks = 1

INFO: /root/testfs/Tests.cpp(56): Checked condition
INFO: /root/testfs/Tests.cpp(57): Checked condition
INFO: STEP 0: tfs_mkdir(sb, "aB");
INFO: STEP 0: tfs_mkdir(sb, "aB") = 0
INFO: /root/testfs/Tests.cpp(182): Checking the file system...
INFO: nr of allocated inodes = 2

INFO: nr of allocated blocks = 2

INFO: /root/testfs/Tests.cpp(56): Checked condition
INFO: /root/testfs/Tests.cpp(57): Checked condition
INFO: STEP 1: create(sb, "aB");
INFO: STEP 1: create(sb, "aB") = -17
INFO: /root/testfs/Tests.cpp(182): Checking the file system...
INFO: nr of allocated inodes = 2

INFO: nr of allocated blocks = 2

INFO: /root/testfs/Tests.cpp(56): Checked condition
INFO: /root/testfs/Tests.cpp(57): Checked condition
INFO: STEP 2: create(sb, "ab");
INFO: STEP 2: create(sb, "ab") = 0
INFO: /root/testfs/Tests.cpp(182): Checking the file system...
INFO: nr of allocated inodes = 3

INFO: nr of allocated blocks = 2

INFO: /root/testfs/Tests.cpp(56): Checked condition
INFO: /root/testfs/Tests.cpp(57): Checked condition
INFO: STEP 3: tfs_rmdir(sb, "ab");
INFO: STEP 3: tfs_rmdir(sb, "ab") = 0
INFO: /root/testfs/Tests.cpp(182): Checking the file system...
INFO: nr of allocated inodes = 2

INFO: nr of allocated blocks = 2

INFO: /root/testfs/Tests.cpp(56): Checked condition
INFO: /root/testfs/Tests.cpp(57): Checked condition
INFO: STEP 4: tfs_mkdir(sb, "baB");
INFO: STEP 4: tfs_mkdir(sb, "baB") = 0
INFO: /root/testfs/Tests.cpp(182): Checking the file system...
INFO: nr of allocated inodes = 3

INFO: nr of allocated blocks = 3

INFO: /root/testfs/Tests.cpp(56): Checked condition
INFO: /root/testfs/Tests.cpp(57): Checked condition
INFO: STEP 5: create(sb, "/b");
INFO: STEP 5: create(sb, "/b") = 0
INFO: /root/testfs/Tests.cpp(182): Checking the file system...
INFO: nr of allocated inodes = 4

INFO: nr of allocated blocks = 4

INFO: /root/testfs/Tests.cpp(167): Checked condition
INFO: /root/testfs/Tests.cpp(169): Checked condition
INFO: /root/testfs/Tests.cpp(170): Checked condition
INFO: /root/testfs/Tests.cpp(171): STEP 6: set_reset_countdown(2);
INFO: /root/testfs/Tests.cpp(182): Checking the file system...
INFO: nr of allocated inodes = 4

INFO: nr of allocated blocks = 4

INFO: /root/testfs/Tests.cpp(56): Checked condition
INFO: /root/testfs/Tests.cpp(57): Checked condition
INFO: STEP 7: create(sb, "aa");
INFO: Decremented reset counter to 1
INFO: Decremented reset counter to 0
INFO: Ignoring write due to simulated reset
INFO: Ignoring write due to simulated reset
INFO: Ignoring write due to simulated reset
INFO: STEP 7: create(sb, "aa") = 0
INFO: /root/testfs/Tests.cpp(176): Reset took place during operation.
INFO: /root/testfs/Tests.cpp(182): Checking the file system...
FATAL: /root/testfs/super.c(252): Assertion (testfs_inode_get_type(in) == I_FILE) || (testfs_inode_get_type(in) == I_DIR) failed in function int testfs_checkfs(struct super_block *, struct bitmap *, struct bitmap *, int)
ERROR: Failed: TestFs_FilesDirs
