INFO: No test specified, defaulting to first test
INFO: Initialized test input buffer with data from `with_resets.corpus/2a3a42e3776d94da102a014954af398664ed7f2c`
INFO: Running: TestFs_FilesDirs from /root/testfs/Tests.cpp(65)
INFO: /root/testfs/Tests.cpp(76): Making inode free map
INFO: /root/testfs/Tests.cpp(79): Making block free map
INFO: /root/testfs/Tests.cpp(82): Making checksum table
INFO: /root/testfs/Tests.cpp(85): Making inode blocks
INFO: /root/testfs/Tests.cpp(97): Created root directory; File system initialized
INFO: /root/testfs/Tests.cpp(106): Checking the initial file system...
INFO: nr of allocated inodes = 1

INFO: nr of allocated blocks = 1

INFO: /root/testfs/Tests.cpp(56): Checked condition
INFO: /root/testfs/Tests.cpp(57): Checked condition
INFO: STEP 0: tfs_mkdir(sb, "aba");
INFO: STEP 0: tfs_mkdir(sb, "aba") = 0
INFO: /root/testfs/Tests.cpp(182): Checking the file system...
INFO: nr of allocated inodes = 2

INFO: nr of allocated blocks = 2

INFO: /root/testfs/Tests.cpp(56): Checked condition
INFO: /root/testfs/Tests.cpp(57): Checked condition
INFO: STEP 1: tfs_mkdir(sb, "abb");
INFO: STEP 1: tfs_mkdir(sb, "abb") = 0
INFO: /root/testfs/Tests.cpp(182): Checking the file system...
INFO: nr of allocated inodes = 3

INFO: nr of allocated blocks = 3

INFO: /root/testfs/Tests.cpp(56): Checked condition
INFO: /root/testfs/Tests.cpp(57): Checked condition
INFO: STEP 2: tfs_mkdir(sb, "bAb");
INFO: STEP 2: tfs_mkdir(sb, "bAb") = 0
INFO: /root/testfs/Tests.cpp(182): Checking the file system...
INFO: nr of allocated inodes = 4

INFO: nr of allocated blocks = 4

INFO: /root/testfs/Tests.cpp(56): Checked condition
INFO: /root/testfs/Tests.cpp(57): Checked condition
INFO: STEP 3: tfs_mkdir(sb, "aB");
INFO: STEP 3: tfs_mkdir(sb, "aB") = 0
INFO: /root/testfs/Tests.cpp(182): Checking the file system...
INFO: nr of allocated inodes = 5

INFO: nr of allocated blocks = 6

INFO: /root/testfs/Tests.cpp(167): Checked condition
INFO: /root/testfs/Tests.cpp(169): Checked condition
INFO: /root/testfs/Tests.cpp(170): Checked condition
INFO: /root/testfs/Tests.cpp(171): STEP 4: set_reset_countdown(2);
INFO: /root/testfs/Tests.cpp(182): Checking the file system...
INFO: nr of allocated inodes = 5

INFO: nr of allocated blocks = 6

INFO: /root/testfs/Tests.cpp(56): Checked condition
INFO: /root/testfs/Tests.cpp(57): Checked condition
INFO: STEP 5: tfs_rmdir(sb, "aB");
INFO: Decremented reset counter to 1
INFO: Decremented reset counter to 0
INFO: Ignoring write due to simulated reset
INFO: Ignoring write due to simulated reset
INFO: Ignoring write due to simulated reset
INFO: Ignoring write due to simulated reset
INFO: Ignoring write due to simulated reset
INFO: Ignoring write due to simulated reset
INFO: Ignoring write due to simulated reset
INFO: STEP 5: tfs_rmdir(sb, "aB") = 0
INFO: /root/testfs/Tests.cpp(176): Reset took place during operation.
INFO: /root/testfs/Tests.cpp(182): Checking the file system...
FATAL: /root/testfs/inode.c(89): Assertion block_nr < NR_INODE_BLOCKS failed in function int testfs_inode_to_block_nr(struct inode *)
ERROR: Failed: TestFs_FilesDirs
